Case #1:
10000000000000000000000000000101 7 13 2 2 2 2 2 2 2
10000000000000000000000000000111 3 2 2 2 2 2 2 2 2
10000000000000000000000000001001 11 29 2 2 2 2 2 2 2
10000000000000000000000000001101 3 2 2 2 2 2 2 2 2
10000000000000000000000000001111 13 7 2 2 2 2 2 2 2
10000000000000000000000000010001 5 5 2 2 2 2 2 2 2
10000000000000000000000000010011 3 2 2 2 2 2 2 2 2
10000000000000000000000000010101 29 2 2 2 2 2 2 2 2
10000000000000000000000000011001 3 2 2 2 2 2 2 2 2
10000000000000000000000000011011 5 5 2 2 2 2 2 2 2
10000000000000000000000000011101 31 11 2 2 2 2 2 2 2
10000000000000000000000000011111 3 2 2 2 2 2 2 2 2
10000000000000000000000000100001 7 13 2 2 2 2 2 2 2
10000000000000000000000000100011 19 2 2 2 2 2 2 2 2
10000000000000000000000000100101 3 2 2 2 2 2 2 2 2
10000000000000000000000000101001 13 2 2 2 2 2 2 2 2
10000000000000000000000000101111 5 2 2 2 2 2 2 2 2
10000000000000000000000000110001 3 2 2 2 2 2 2 2 2
10000000000000000000000000110101 11 17 2 2 2 2 2 2 2
10000000000000000000000000110111 3 2 2 2 2 2 2 2 2
10000000000000000000000000111001 5 5 2 2 2 2 2 2 2
10000000000000000000000000111011 17 2 2 2 2 2 2 2 2
10000000000000000000000000111101 3 2 2 2 2 2 2 2 2
10000000000000000000000000111111 23 19 2 2 2 2 2 2 2
10000000000000000000000001000011 3 2 2 2 2 2 2 2 2
10000000000000000000000001001001 3 2 2 2 2 2 2 2 2
10000000000000000000000001001011 7 11 2 2 2 2 2 2 2
10000000000000000000000001001101 5 5 2 2 2 2 2 2 2
10000000000000000000000001001111 3 2 2 2 2 2 2 2 2
10000000000000000000000001010111 5 2 2 2 2 2 2 2 2
10000000000000000000000001011001 7 89 2 2 2 2 2 2 2
10000000000000000000000001011011 3 2 2 2 2 2 2 2 2
10000000000000000000000001011101 13 2 2 2 2 2 2 2 2
10000000000000000000000001100001 3 2 2 2 2 2 2 2 2
10000000000000000000000001100111 3 2 2 2 2 2 2 2 2
10000000000000000000000001101011 5 2 2 2 2 2 2 2 2
10000000000000000000000001101101 3 2 2 2 2 2 2 2 2
10000000000000000000000001110011 3 2 2 2 2 2 2 2 2
10000000000000000000000001110101 5 2 2 2 2 2 2 2 2
10000000000000000000000001110111 11 7 2 2 2 2 2 2 2
10000000000000000000000001111001 3 2 2 2 2 2 2 2 2
10000000000000000000000001111111 3 2 2 2 2 2 2 2 2
10000000000000000000000010000011 7 2 2 2 2 2 2 2 2
10000000000000000000000010000101 3 2 2 2 2 2 2 2 2
10000000000000000000000010001001 5 2 2 2 2 2 2 2 2
10000000000000000000000010001101 11 7 2 2 2 2 2 2 2
10000000000000000000000010010001 3 2 2 2 2 2 2 2 2
10000000000000000000000010010011 5 5 2 2 2 2 2 2 2
10000000000000000000000010010111 3 2 2 2 2 2 2 2 2
10000000000000000000000010011001 31 11 2 2 2 2 2 2 2
10000000000000000000000010011011 23 2 2 2 2 2 2 2 2
10000000000000000000000010011101 3 2 2 2 2 2 2 2 2
10000000000000000000000010011111 7 7 2 2 2 2 2 2 2
10000000000000000000000010100001 17 2 2 2 2 2 2 2 2
10000000000000000000000010100011 3 23 2 2 2 2 2 2 2
10000000000000000000000010100111 5 2 2 2 2 2 2 2 2
10000000000000000000000010101001 3 31 2 2 2 2 2 2 2
10000000000000000000000010101011 13 2 2 2 2 2 2 2 2
10000000000000000000000010101101 7 2 2 2 2 2 2 2 2
10000000000000000000000010110001 5 5 2 2 2 2 2 2 2
10000000000000000000000010110101 3 2 2 2 2 2 2 2 2
10000000000000000000000010111001 11 2 2 2 2 2 2 2 2
10000000000000000000000010111011 3 5 2 2 2 2 2 2 2
10000000000000000000000010111111 53 2 2 2 2 2 2 2 2
10000000000000000000000011000001 3 2 2 2 2 2 2 2 2
10000000000000000000000011000101 5 5 2 2 2 2 2 2 2
10000000000000000000000011000111 3 2 2 2 2 2 2 2 2
10000000000000000000000011001011 73 2 2 2 2 2 2 2 2
10000000000000000000000011001101 3 2 2 2 2 2 2 2 2
10000000000000000000000011001111 5 5 2 2 2 2 2 2 2
10000000000000000000000011010011 3 2 2 2 2 2 2 2 2
10000000000000000000000011010111 7 43 2 2 2 2 2 2 2
10000000000000000000000011011001 3 2 2 2 2 2 2 2 2
10000000000000000000000011011111 3 2 2 2 2 2 2 2 2
10000000000000000000000011100011 5 2 2 2 2 2 2 2 2
10000000000000000000000011100101 3 2 2 2 2 2 2 2 2
10000000000000000000000011101011 3 17 2 2 2 2 2 2 2
10000000000000000000000011101101 5 5 2 2 2 2 2 2 2
10000000000000000000000011110001 3 2 2 2 2 2 2 2 2
10000000000000000000000011110011 7 11 2 2 2 2 2 2 2
10000000000000000000000011110111 3 2 2 2 2 2 2 2 2
10000000000000000000000011111011 11 2 2 2 2 2 2 2 2
10000000000000000000000011111101 3 2 2 2 2 2 2 2 2
10000000000000000000000100000001 5 5 2 2 2 2 2 2 2
10000000000000000000000100000011 3 2 2 2 2 2 2 2 2
10000000000000000000000100000101 47 2 2 2 2 2 2 2 2
10000000000000000000000100000111 17 59 2 2 2 2 2 2 2
10000000000000000000000100001001 3 2 2 2 2 2 2 2 2
10000000000000000000000100001011 5 5 2 2 2 2 2 2 2
10000000000000000000000100001111 3 2 2 2 2 2 2 2 2
10000000000000000000000100010001 11 2 2 2 2 2 2 2 2
10000000000000000000000100010011 13 73 2 2 2 2 2 2 2
10000000000000000000000100010101 3 5 2 2 2 2 2 2 2
10000000000000000000000100011011 3 2 2 2 2 2 2 2 2
10000000000000000000000100011101 7 2 2 2 2 2 2 2 2
10000000000000000000000100011111 5 5 2 2 2 2 2 2 2
10000000000000000000000100100001 3 2 2 2 2 2 2 2 2
10000000000000000000000100100011 79 29 2 2 2 2 2 2 2
10000000000000000000000100100111 3 2 2 2 2 2 2 2 2
10000000000000000000000100101001 5 5 2 2 2 2 2 2 2
10000000000000000000000100101011 7 2 2 2 2 2 2 2 2
10000000000000000000000100101101 3 2 2 2 2 2 2 2 2
10000000000000000000000100110011 3 2 2 2 2 2 2 2 2
10000000000000000000000100110111 29 61 2 2 2 2 2 2 2
10000000000000000000000100111001 3 2 2 2 2 2 2 2 2
10000000000000000000000100111011 71 23 2 2 2 2 2 2 2
10000000000000000000000100111101 5 5 2 2 2 2 2 2 2
10000000000000000000000100111111 3 2 2 2 2 2 2 2 2
10000000000000000000000101000111 5 2 2 2 2 2 2 2 2
10000000000000000000000101001011 3 2 2 2 2 2 2 2 2
10000000000000000000000101010001 3 5 2 2 2 2 2 2 2
10000000000000000000000101010011 11 2 2 2 2 2 2 2 2
10000000000000000000000101010101 7 2 2 2 2 2 2 2 2
10000000000000000000000101011011 5 5 2 2 2 2 2 2 2
10000000000000000000000101011101 3 19 2 2 2 2 2 2 2
10000000000000000000000101100001 13 7 2 2 2 2 2 2 2
10000000000000000000000101100011 3 2 2 2 2 2 2 2 2
10000000000000000000000101100101 5 2 2 2 2 2 2 2 2
10000000000000000000000101101001 3 2 2 2 2 2 2 2 2
10000000000000000000000101101101 17 11 2 2 2 2 2 2 2
10000000000000000000000101101111 3 2 2 2 2 2 2 2 2
10000000000000000000000101110001 7 2 2 2 2 2 2 2 2
10000000000000000000000101110011 41 7 2 2 2 2 2 2 2
10000000000000000000000101111001 5 5 2 2 2 2 2 2 2
10000000000000000000000101111011 3 2 2 2 2 2 2 2 2
10000000000000000000000101111111 7 13 2 2 2 2 2 2 2
10000000000000000000000110000001 3 2 2 2 2 2 2 2 2
10000000000000000000000110000011 5 5 2 2 2 2 2 2 2
10000000000000000000000110000111 3 2 2 2 2 2 2 2 2
10000000000000000000000110001101 3 2 2 2 2 2 2 2 2
10000000000000000000000110010001 31 11 2 2 2 2 2 2 2
10000000000000000000000110010011 3 2 2 2 2 2 2 2 2
10000000000000000000000110010101 11 2 2 2 2 2 2 2 2
10000000000000000000000110010111 5 5 2 2 2 2 2 2 2
10000000000000000000000110011001 3 2 2 2 2 2 2 2 2
10000000000000000000000110011011 7 7 2 2 2 2 2 2 2
10000000000000000000000110011111 3 2 2 2 2 2 2 2 2
10000000000000000000000110100001 5 5 2 2 2 2 2 2 2
10000000000000000000000110100011 67 2 2 2 2 2 2 2 2
10000000000000000000000110100101 3 2 2 2 2 2 2 2 2
10000000000000000000000110101001 7 2 2 2 2 2 2 2 2
10000000000000000000000110101011 3 5 2 2 2 2 2 2 2
10000000000000000000000110101101 61 7 2 2 2 2 2 2 2
10000000000000000000000110101111 13 2 2 2 2 2 2 2 2
10000000000000000000000110110001 3 2 2 2 2 2 2 2 2
10000000000000000000000110110101 5 5 2 2 2 2 2 2 2
10000000000000000000000110110111 3 2 2 2 2 2 2 2 2
10000000000000000000000110111101 3 2 2 2 2 2 2 2 2
10000000000000000000000110111111 5 5 2 2 2 2 2 2 2
10000000000000000000000111000011 3 2 2 2 2 2 2 2 2
10000000000000000000000111000101 7 2 2 2 2 2 2 2 2
10000000000000000000000111001001 3 2 2 2 2 2 2 2 2
10000000000000000000000111001011 37 31 2 2 2 2 2 2 2
10000000000000000000000111001111 3 2 2 2 2 2 2 2 2
10000000000000000000000111010001 43 2 2 2 2 2 2 2 2
10000000000000000000000111010011 5 5 2 2 2 2 2 2 2
10000000000000000000000111010101 3 29 2 2 2 2 2 2 2
10000000000000000000000111010111 11 2 2 2 2 2 2 2 2
10000000000000000000000111011011 3 2 2 2 2 2 2 2 2
10000000000000000000000111011101 5 2 2 2 2 2 2 2 2
10000000000000000000000111100001 3 2 2 2 2 2 2 2 2
10000000000000000000000111100011 13 47 2 2 2 2 2 2 2
10000000000000000000000111100101 29 17 2 2 2 2 2 2 2
10000000000000000000000111100111 3 2 2 2 2 2 2 2 2
10000000000000000000000111101011 19 2 2 2 2 2 2 2 2
10000000000000000000000111101101 3 2 2 2 2 2 2 2 2
10000000000000000000000111101111 7 13 2 2 2 2 2 2 2
10000000000000000000000111110001 5 5 2 2 2 2 2 2 2
10000000000000000000000111110011 3 2 2 2 2 2 2 2 2
10000000000000000000000111110101 17 2 2 2 2 2 2 2 2
10000000000000000000000111111001 3 2 2 2 2 2 2 2 2
10000000000000000000000111111011 5 5 2 2 2 2 2 2 2
10000000000000000000000111111101 7 13 2 2 2 2 2 2 2
10000000000000000000000111111111 3 2 2 2 2 2 2 2 2
10000000000000000000001000000011 11 2 2 2 2 2 2 2 2
10000000000000000000001000000101 3 2 2 2 2 2 2 2 2
10000000000000000000001000001101 31 11 2 2 2 2 2 2 2
10000000000000000000001000001111 5 2 2 2 2 2 2 2 2
10000000000000000000001000010001 3 2 2 2 2 2 2 2 2
10000000000000000000001000010101 37 31 2 2 2 2 2 2 2
10000000000000000000001000010111 3 2 2 2 2 2 2 2 2
10000000000000000000001000011001 5 5 2 2 2 2 2 2 2
10000000000000000000001000011101 3 2 2 2 2 2 2 2 2
10000000000000000000001000011111 29 89 2 2 2 2 2 2 2
10000000000000000000001000100011 3 5 2 2 2 2 2 2 2
10000000000000000000001000100111 7 2 2 2 2 2 2 2 2
10000000000000000000001000101001 3 7 2 2 2 2 2 2 2
10000000000000000000001000101101 5 2 2 2 2 2 2 2 2
10000000000000000000001000110101 3 2 2 2 2 2 2 2 2
10000000000000000000001000110111 5 5 2 2 2 2 2 2 2
10000000000000000000001000111001 17 2 2 2 2 2 2 2 2
10000000000000000000001000111011 3 7 2 2 2 2 2 2 2
10000000000000000000001001000001 3 2 2 2 2 2 2 2 2
10000000000000000000001001000011 7 41 2 2 2 2 2 2 2
10000000000000000000001001000111 3 2 2 2 2 2 2 2 2
10000000000000000000001001001011 5 2 2 2 2 2 2 2 2
10000000000000000000001001001101 3 2 2 2 2 2 2 2 2
10000000000000000000001001010011 3 2 2 2 2 2 2 2 2
10000000000000000000001001010101 5 2 2 2 2 2 2 2 2
10000000000000000000001001011001 3 2 2 2 2 2 2 2 2
10000000000000000000001001011111 3 2 2 2 2 2 2 2 2
10000000000000000000001001100101 3 2 2 2 2 2 2 2 2
10000000000000000000001001100111 23 11 2 2 2 2 2 2 2
10000000000000000000001001101001 5 2 2 2 2 2 2 2 2
10000000000000000000001001101011 3 29 2 2 2 2 2 2 2
10000000000000000000001001110001 3 2 2 2 2 2 2 2 2
10000000000000000000001001110011 5 5 2 2 2 2 2 2 2
10000000000000000000001001110111 3 2 2 2 2 2 2 2 2
10000000000000000000001001111011 7 2 2 2 2 2 2 2 2
10000000000000000000001001111101 3 2 2 2 2 2 2 2 2
10000000000000000000001010000001 73 2 2 2 2 2 2 2 2
10000000000000000000001010000011 3 19 2 2 2 2 2 2 2
10000000000000000000001010000101 89 7 2 2 2 2 2 2 2
10000000000000000000001010000111 5 2 2 2 2 2 2 2 2
10000000000000000000001010001001 3 11 2 2 2 2 2 2 2
10000000000000000000001010001101 59 2 2 2 2 2 2 2 2
10000000000000000000001010001111 3 29 2 2 2 2 2 2 2
10000000000000000000001010010001 5 5 2 2 2 2 2 2 2
10000000000000000000001010010011 29 2 2 2 2 2 2 2 2
10000000000000000000001010010101 3 2 2 2 2 2 2 2 2
10000000000000000000001010010111 7 7 2 2 2 2 2 2 2
10000000000000000000001010011001 13 2 2 2 2 2 2 2 2
10000000000000000000001010011011 3 5 2 2 2 2 2 2 2
10000000000000000000001010011111 17 2 2 2 2 2 2 2 2
10000000000000000000001010100001 3 29 2 2 2 2 2 2 2
10000000000000000000001010100101 5 2 2 2 2 2 2 2 2
10000000000000000000001010101001 19 2 2 2 2 2 2 2 2
10000000000000000000001010101101 3 43 2 2 2 2 2 2 2
10000000000000000000001010101111 5 2 2 2 2 2 2 2 2
10000000000000000000001010110011 3 31 2 2 2 2 2 2 2
10000000000000000000001010111001 3 5 2 2 2 2 2 2 2
10000000000000000000001010111011 41 2 2 2 2 2 2 2 2
10000000000000000000001011000001 7 71 2 2 2 2 2 2 2
10000000000000000000001011000011 5 2 2 2 2 2 2 2 2
10000000000000000000001011000101 3 2 2 2 2 2 2 2 2
10000000000000000000001011001001 11 2 2 2 2 2 2 2 2
10000000000000000000001011001011 3 41 2 2 2 2 2 2 2
10000000000000000000001011001101 5 5 2 2 2 2 2 2 2
10000000000000000000001011001111 7 2 2 2 2 2 2 2 2
10000000000000000000001011010001 3 2 2 2 2 2 2 2 2
10000000000000000000001011010011 43 13 2 2 2 2 2 2 2
10000000000000000000001011010111 3 2 2 2 2 2 2 2 2
10000000000000000000001011011011 47 2 2 2 2 2 2 2 2
10000000000000000000001011011101 3 2 2 2 2 2 2 2 2
10000000000000000000001011011111 11 7 2 2 2 2 2 2 2
10000000000000000000001011100001 5 2 2 2 2 2 2 2 2
10000000000000000000001011100011 3 11 2 2 2 2 2 2 2
10000000000000000000001011100111 13 2 2 2 2 2 2 2 2
10000000000000000000001011101011 5 2 2 2 2 2 2 2 2
10000000000000000000001011101111 3 23 2 2 2 2 2 2 2
10000000000000000000001011110011 37 2 2 2 2 2 2 2 2
10000000000000000000001011110101 3 2 2 2 2 2 2 2 2
10000000000000000000001011111001 7 2 2 2 2 2 2 2 2
10000000000000000000001011111011 3 43 2 2 2 2 2 2 2
10000000000000000000001011111111 5 2 2 2 2 2 2 2 2
10000000000000000000001100000001 3 2 2 2 2 2 2 2 2
10000000000000000000001100000011 59 7 2 2 2 2 2 2 2
10000000000000000000001100000101 17 11 2 2 2 2 2 2 2
10000000000000000000001100000111 3 2 2 2 2 2 2 2 2
10000000000000000000001100001001 5 5 2 2 2 2 2 2 2
10000000000000000000001100001011 11 2 2 2 2 2 2 2 2
10000000000000000000001100001101 3 2 2 2 2 2 2 2 2
10000000000000000000001100010011 3 2 2 2 2 2 2 2 2
10000000000000000000001100010101 7 2 2 2 2 2 2 2 2
10000000000000000000001100011001 3 2 2 2 2 2 2 2 2
10000000000000000000001100011011 13 11 2 2 2 2 2 2 2
10000000000000000000001100011101 5 5 2 2 2 2 2 2 2
10000000000000000000001100011111 3 2 2 2 2 2 2 2 2
10000000000000000000001100100011 7 2 2 2 2 2 2 2 2
10000000000000000000001100100101 3 2 2 2 2 2 2 2 2
10000000000000000000001100100111 5 5 2 2 2 2 2 2 2
10000000000000000000001100101001 43 2 2 2 2 2 2 2 2
10000000000000000000001100101011 3 53 2 2 2 2 2 2 2
10000000000000000000001100110001 3 2 2 2 2 2 2 2 2
10000000000000000000001100110111 3 2 2 2 2 2 2 2 2
10000000000000000000001100111011 5 2 2 2 2 2 2 2 2
10000000000000000000001100111101 3 2 2 2 2 2 2 2 2
10000000000000000000001100111111 7 13 2 2 2 2 2 2 2
10000000000000000000001101000011 3 2 2 2 2 2 2 2 2
10000000000000000000001101000101 5 2 2 2 2 2 2 2 2
10000000000000000000001101001001 3 2 2 2 2 2 2 2 2
10000000000000000000001101001111 3 2 2 2 2 2 2 2 2
10000000000000000000001101010101 3 83 2 2 2 2 2 2 2
10000000000000000000001101011001 5 5 2 2 2 2 2 2 2
10000000000000000000001101011011 3 2 2 2 2 2 2 2 2
10000000000000000000001101100001 3 2 2 2 2 2 2 2 2
10000000000000000000001101100011 5 5 2 2 2 2 2 2 2
10000000000000000000001101100111 3 2 2 2 2 2 2 2 2
10000000000000000000001101101011 17 2 2 2 2 2 2 2 2
10000000000000000000001101101101 3 2 2 2 2 2 2 2 2
10000000000000000000001101110011 3 2 2 2 2 2 2 2 2
10000000000000000000001101110111 5 5 2 2 2 2 2 2 2
10000000000000000000001101111001 3 2 2 2 2 2 2 2 2
10000000000000000000001101111011 23 17 2 2 2 2 2 2 2
10000000000000000000001101111111 3 2 2 2 2 2 2 2 2
10000000000000000000001110000001 5 5 2 2 2 2 2 2 2
10000000000000000000001110000011 13 2 2 2 2 2 2 2 2
10000000000000000000001110000101 3 2 2 2 2 2 2 2 2
10000000000000000000001110001011 3 5 2 2 2 2 2 2 2
10000000000000000000001110001111 11 2 2 2 2 2 2 2 2
10000000000000000000001110010001 3 2 2 2 2 2 2 2 2
10000000000000000000001110010011 7 7 2 2 2 2 2 2 2
10000000000000000000001110010101 5 5 2 2 2 2 2 2 2
10000000000000000000001110010111 3 2 2 2 2 2 2 2 2
10000000000000000000001110011011 79 2 2 2 2 2 2 2 2
10000000000000000000001110011101 3 2 2 2 2 2 2 2 2
10000000000000000000001110011111 5 5 2 2 2 2 2 2 2
10000000000000000000001110100001 7 2 2 2 2 2 2 2 2
10000000000000000000001110100101 11 7 2 2 2 2 2 2 2
10000000000000000000001110101001 3 5 2 2 2 2 2 2 2
10000000000000000000001110101111 3 13 2 2 2 2 2 2 2
10000000000000000000001110110011 5 2 2 2 2 2 2 2 2
10000000000000000000001110110101 3 2 2 2 2 2 2 2 2
10000000000000000000001110110111 13 7 2 2 2 2 2 2 2
10000000000000000000001110111101 5 5 2 2 2 2 2 2 2
10000000000000000000001110111111 31 2 2 2 2 2 2 2 2
10000000000000000000001111000001 3 2 2 2 2 2 2 2 2
10000000000000000000001111000111 3 2 2 2 2 2 2 2 2
10000000000000000000001111001011 7 2 2 2 2 2 2 2 2
10000000000000000000001111001101 3 2 2 2 2 2 2 2 2
10000000000000000000001111010001 5 5 2 2 2 2 2 2 2
10000000000000000000001111010011 3 2 2 2 2 2 2 2 2
10000000000000000000001111010101 43 2 2 2 2 2 2 2 2
10000000000000000000001111010111 23 47 2 2 2 2 2 2 2
10000000000000000000001111011001 3 2 2 2 2 2 2 2 2
10000000000000000000001111011011 5 5 2 2 2 2 2 2 2
10000000000000000000001111011111 3 2 2 2 2 2 2 2 2
10000000000000000000001111100101 3 2 2 2 2 2 2 2 2
10000000000000000000001111100111 7 13 2 2 2 2 2 2 2
10000000000000000000001111101001 89 2 2 2 2 2 2 2 2
10000000000000000000001111101111 5 2 2 2 2 2 2 2 2
10000000000000000000001111110001 3 2 2 2 2 2 2 2 2
10000000000000000000001111110101 7 13 2 2 2 2 2 2 2
10000000000000000000001111110111 3 2 2 2 2 2 2 2 2
10000000000000000000001111111001 5 5 2 2 2 2 2 2 2
10000000000000000000001111111101 3 2 2 2 2 2 2 2 2
10000000000000000000001111111111 19 7 2 2 2 2 2 2 2
10000000000000000000010000000011 3 2 2 2 2 2 2 2 2
10000000000000000000010000000101 13 2 2 2 2 2 2 2 2
10000000000000000000010000001001 3 2 2 2 2 2 2 2 2
10000000000000000000010000001101 5 5 2 2 2 2 2 2 2
10000000000000000000010000001111 3 2 2 2 2 2 2 2 2
10000000000000000000010000010001 7 2 2 2 2 2 2 2 2
10000000000000000000010000010011 11 23 2 2 2 2 2 2 2
10000000000000000000010000010101 3 7 2 2 2 2 2 2 2
10000000000000000000010000010111 5 2 2 2 2 2 2 2 2
10000000000000000000010000011011 3 2 2 2 2 2 2 2 2
10000000000000000000010000011111 7 47 2 2 2 2 2 2 2
10000000000000000000010000100001 3 2 2 2 2 2 2 2 2
10000000000000000000010000100111 3 2 2 2 2 2 2 2 2
10000000000000000000010000101011 5 2 2 2 2 2 2 2 2
10000000000000000000010000101101 3 2 2 2 2 2 2 2 2
10000000000000000000010000110011 3 2 2 2 2 2 2 2 2
10000000000000000000010000110101 5 2 2 2 2 2 2 2 2
10000000000000000000010000111001 3 2 2 2 2 2 2 2 2
10000000000000000000010000111111 3 2 2 2 2 2 2 2 2
10000000000000000000010001000001 67 2 2 2 2 2 2 2 2
10000000000000000000010001000101 3 71 2 2 2 2 2 2 2
10000000000000000000010001001001 5 5 2 2 2 2 2 2 2
10000000000000000000010001001011 3 2 2 2 2 2 2 2 2
10000000000000000000010001010011 5 2 2 2 2 2 2 2 2
10000000000000000000010001010101 11 2 2 2 2 2 2 2 2
10000000000000000000010001010111 3 11 2 2 2 2 2 2 2
10000000000000000000010001011001 17 2 2 2 2 2 2 2 2
10000000000000000000010001011101 3 5 2 2 2 2 2 2 2
10000000000000000000010001100001 23 11 2 2 2 2 2 2 2
10000000000000000000010001100011 3 2 2 2 2 2 2 2 2
10000000000000000000010001100101 7 2 2 2 2 2 2 2 2
10000000000000000000010001100111 5 5 2 2 2 2 2 2 2
10000000000000000000010001101001 3 2 2 2 2 2 2 2 2
10000000000000000000010001101101 13 19 2 2 2 2 2 2 2
10000000000000000000010001101111 3 2 2 2 2 2 2 2 2
10000000000000000000010001110001 5 2 2 2 2 2 2 2 2
10000000000000000000010001111011 3 2 2 2 2 2 2 2 2
10000000000000000000010010000001 3 2 2 2 2 2 2 2 2
10000000000000000000010010000101 5 5 2 2 2 2 2 2 2
10000000000000000000010010000111 3 2 2 2 2 2 2 2 2
10000000000000000000010010001001 61 61 2 2 2 2 2 2 2
10000000000000000000010010001101 3 2 2 2 2 2 2 2 2
10000000000000000000010010001111 5 5 2 2 2 2 2 2 2
10000000000000000000010010010011 3 2 2 2 2 2 2 2 2
10000000000000000000010010010111 11 53 2 2 2 2 2 2 2
10000000000000000000010010011001 3 2 2 2 2 2 2 2 2
10000000000000000000010010011101 7 17 2 2 2 2 2 2 2
10000000000000000000010010011111 3 2 2 2 2 2 2 2 2
10000000000000000000010010100011 5 2 2 2 2 2 2 2 2
10000000000000000000010010100101 3 2 2 2 2 2 2 2 2
10000000000000000000010010100111 41 19 2 2 2 2 2 2 2
10000000000000000000010010101101 5 5 2 2 2 2 2 2 2
10000000000000000000010010101111 37 2 2 2 2 2 2 2 2
10000000000000000000010010110001 3 2 2 2 2 2 2 2 2
10000000000000000000010010110111 3 2 2 2 2 2 2 2 2
10000000000000000000010010111011 13 2 2 2 2 2 2 2 2
10000000000000000000010010111101 3 2 2 2 2 2 2 2 2
10000000000000000000010010111111 17 11 2 2 2 2 2 2 2
10000000000000000000010011000001 5 5 2 2 2 2 2 2 2
10000000000000000000010011000011 3 2 2 2 2 2 2 2 2
10000000000000000000010011001001 3 2 2 2 2 2 2 2 2
10000000000000000000010011001011 5 5 2 2 2 2 2 2 2
10000000000000000000010011001111 3 2 2 2 2 2 2 2 2
10000000000000000000010011010101 3 5 2 2 2 2 2 2 2
10000000000000000000010011010111 29 2 2 2 2 2 2 2 2
10000000000000000000010011011001 11 13 2 2 2 2 2 2 2
10000000000000000000010011011011 3 2 2 2 2 2 2 2 2
10000000000000000000010011011111 5 5 2 2 2 2 2 2 2
10000000000000000000010011100001 3 2 2 2 2 2 2 2 2
10000000000000000000010011100111 3 2 2 2 2 2 2 2 2
10000000000000000000010011101001 5 5 2 2 2 2 2 2 2
10000000000000000000010011101011 23 2 2 2 2 2 2 2 2
10000000000000000000010011101101 3 2 2 2 2 2 2 2 2
10000000000000000000010011101111 11 17 2 2 2 2 2 2 2
10000000000000000000010011110011 3 2 2 2 2 2 2 2 2
10000000000000000000010011110101 31 2 2 2 2 2 2 2 2
10000000000000000000010011111001 3 2 2 2 2 2 2 2 2
10000000000000000000010011111101 5 5 2 2 2 2 2 2 2
10000000000000000000010011111111 3 2 2 2 2 2 2 2 2
10000000000000000000010100000011 17 31 2 2 2 2 2 2 2
10000000000000000000010100000111 5 2 2 2 2 2 2 2 2
10000000000000000000010100001001 13 23 2 2 2 2 2 2 2
10000000000000000000010100001011 3 2 2 2 2 2 2 2 2
10000000000000000000010100001101 7 2 2 2 2 2 2 2 2
10000000000000000000010100001111 47 11 2 2 2 2 2 2 2
10000000000000000000010100010001 3 5 2 2 2 2 2 2 2
10000000000000000000010100010111 3 41 2 2 2 2 2 2 2
10000000000000000000010100011001 23 2 2 2 2 2 2 2 2
10000000000000000000010100011011 5 5 2 2 2 2 2 2 2
10000000000000000000010100100011 3 2 2 2 2 2 2 2 2
10000000000000000000010100100101 5 2 2 2 2 2 2 2 2
10000000000000000000010100101001 3 2 2 2 2 2 2 2 2
10000000000000000000010100101111 3 2 2 2 2 2 2 2 2
10000000000000000000010100110001 11 2 2 2 2 2 2 2 2
10000000000000000000010100110101 3 7 2 2 2 2 2 2 2
10000000000000000000010100110111 7 2 2 2 2 2 2 2 2
10000000000000000000010100111001 5 5 2 2 2 2 2 2 2
10000000000000000000010100111011 3 2 2 2 2 2 2 2 2
10000000000000000000010100111101 13 2 2 2 2 2 2 2 2
10000000000000000000010101000011 5 2 2 2 2 2 2 2 2
10000000000000000000010101000101 7 2 2 2 2 2 2 2 2
10000000000000000000010101000111 3 17 2 2 2 2 2 2 2
10000000000000000000010101001101 3 5 2 2 2 2 2 2 2
10000000000000000000010101010001 59 2 2 2 2 2 2 2 2
10000000000000000000010101010111 5 2 2 2 2 2 2 2 2
10000000000000000000010101011001 3 7 2 2 2 2 2 2 2
10000000000000000000010101011011 73 2 2 2 2 2 2 2 2
10000000000000000000010101011101 11 2 2 2 2 2 2 2 2
10000000000000000000010101011111 3 19 2 2 2 2 2 2 2
10000000000000000000010101100001 5 2 2 2 2 2 2 2 2
10000000000000000000010101101001 17 67 2 2 2 2 2 2 2
10000000000000000000010101101011 3 2 2 2 2 2 2 2 2
10000000000000000000010101101101 47 2 2 2 2 2 2 2 2
10000000000000000000010101101111 7 13 2 2 2 2 2 2 2
10000000000000000000010101110011 11 2 2 2 2 2 2 2 2
10000000000000000000010101110101 5 2 2 2 2 2 2 2 2
10000000000000000000010101111011 19 89 2 2 2 2 2 2 2
10000000000000000000010101111101 3 7 2 2 2 2 2 2 2
10000000000000000000010101111111 5 2 2 2 2 2 2 2 2
10000000000000000000010110000011 3 2 2 2 2 2 2 2 2
10000000000000000000010110000101 29 2 2 2 2 2 2 2 2
10000000000000000000010110001001 3 2 2 2 2 2 2 2 2
10000000000000000000010110001011 7 7 2 2 2 2 2 2 2
10000000000000000000010110001111 3 2 2 2 2 2 2 2 2
10000000000000000000010110010011 5 5 2 2 2 2 2 2 2
10000000000000000000010110011001 7 31 2 2 2 2 2 2 2
10000000000000000000010110011011 3 2 2 2 2 2 2 2 2
10000000000000000000010110011101 5 2 2 2 2 2 2 2 2
10000000000000000000010110011111 11 41 2 2 2 2 2 2 2
10000000000000000000010110100001 3 2 2 2 2 2 2 2 2
10000000000000000000010110100101 13 97 2 2 2 2 2 2 2
10000000000000000000010110100111 3 2 2 2 2 2 2 2 2
10000000000000000000010110101011 71 2 2 2 2 2 2 2 2
10000000000000000000010110101101 3 2 2 2 2 2 2 2 2
10000000000000000000010110101111 31 7 2 2 2 2 2 2 2
10000000000000000000010110110001 5 5 2 2 2 2 2 2 2
10000000000000000000010110110011 3 2 2 2 2 2 2 2 2
10000000000000000000010110110101 7 2 2 2 2 2 2 2 2
10000000000000000000010110110111 53 11 2 2 2 2 2 2 2
10000000000000000000010110111001 3 2 2 2 2 2 2 2 2
10000000000000000000010110111011 5 5 2 2 2 2 2 2 2
10000000000000000000010110111111 3 2 2 2 2 2 2 2 2
10000000000000000000010111000101 3 5 2 2 2 2 2 2 2
10000000000000000000010111000111 19 2 2 2 2 2 2 2 2
10000000000000000000010111001011 3 2 2 2 2 2 2 2 2
10000000000000000000010111001111 5 5 2 2 2 2 2 2 2
10000000000000000000010111010011 67 2 2 2 2 2 2 2 2
10000000000000000000010111010111 3 71 2 2 2 2 2 2 2
10000000000000000000010111011001 5 2 2 2 2 2 2 2 2
10000000000000000000010111011111 7 2 2 2 2 2 2 2 2
10000000000000000000010111100001 11 7 2 2 2 2 2 2 2
10000000000000000000010111100011 3 2 2 2 2 2 2 2 2
10000000000000000000010111101001 3 2 2 2 2 2 2 2 2
10000000000000000000010111101101 5 5 2 2 2 2 2 2 2
10000000000000000000010111101111 3 2 2 2 2 2 2 2 2
10000000000000000000010111110001 17 2 2 2 2 2 2 2 2
10000000000000000000010111110011 13 7 2 2 2 2 2 2 2
10000000000000000000010111110101 3 11 2 2 2 2 2 2 2
10000000000000000000010111110111 5 2 2 2 2 2 2 2 2
10000000000000000000010111111011 3 2 2 2 2 2 2 2 2
10000000000000000000010111111111 23 23 2 2 2 2 2 2 2
10000000000000000000011000000001 3 2 2 2 2 2 2 2 2
10000000000000000000011000000111 3 2 2 2 2 2 2 2 2